{
 "AWSTemplateFormatVersion": "2010-09-09",
 "Resources": {
  "Cluster": {
   "ClusterName": "central-event-hub_development",
   "Type": "AWS::ECS::Cluster"
  },
  "Listener": {
   "Properties": {
    "Certificates": [
     {
      "CertificateArn": ""
     }
    ],
    "DefaultActions": [
     {
      "TargetGroupArn": {
       "Ref": "TargetGroup"
      },
      "Type": "forward"
     }
    ],
    "LoadBalancerArn": {
     "Ref": "LoadBalancer"
    },
    "Port": 7100,
    "Protocol": "HTTP"
   },
   "Type": "AWS::ElasticLoadBalancingV2::Listener"
  },
  "LoadBalancer": {
   "Properties": {
    "Name": "central-event-hub_development",
    "Scheme": "internal",
    "SecurityGroups": [
     {
      "Ref": "LoadBalancerSecurityGroup"
     }
    ],
    "Subnets": [
     "subnet-949585dd",
     "subnet-5501ff33"
    ],
    "Tags": [
     {
      "Key": "team",
      "Value": "OIT_AV_ENGINEERING"
     },
     {
      "Key": "data-sensitivity",
      "Value": "internal"
     },
     {
      "Key": "env",
      "Value": "dev"
     }
    ]
   },
   "Type": "AWS::ElasticLoadBalancingV2::LoadBalancer"
  },
  "LoadBlanacerSecurityGroup": {
   "Properties": {
    "GroupDescription": "Autogenerated security group for central-event-hub development load balancer.",
    "GroupName": "central-event-hub_development load balancer",
    "SecurityGroupEgress": [
     {
      "CidrIp": "0.0.0.0/0",
      "Description": "All Devices",
      "FromPort": 0,
      "IpProtocol": "tcp",
      "ToPort": 65535
     }
    ],
    "SecurityGroupIngress": [
     {
      "CidrIp": "10.0.0.0/8",
      "Description": "BYU Interal addresses",
      "FromPort": 7100,
      "IpProtocol": "",
      "ToPort": 7100
     },
     {
      "CidrIp": "128.187.0.0/16",
      "Description": "BYU External Addresses",
      "FromPort": 7100,
      "IpProtocol": "",
      "ToPort": 7100
     }
    ],
    "Tags": [
     {
      "Key": "team",
      "Value": "OIT_AV_ENGINEERING"
     },
     {
      "Key": "data-sensitivity",
      "Value": "internal"
     },
     {
      "Key": "env",
      "Value": "dev"
     }
    ],
    "VpcId": "vpc-9917bbff"
   },
   "Type": "AWS::EC2::SecurityGroup"
  },
  "SecurityGroup": {
   "Properties": {
    "GroupDescription": "Autogenerated security group for central-event-hub development",
    "GroupName": "central-event-hub_development",
    "SecurityGroupEgress": [
     {
      "CidrIp": "0.0.0.0/0",
      "Description": "All Devices",
      "FromPort": 0,
      "IpProtocol": "tcp",
      "ToPort": 65535
     }
    ],
    "SecurityGroupIngress": [
     {
      "CidrIp": "10.0.0.0/8",
      "Description": "Internal access",
      "FromPort": 0,
      "IpProtocol": "",
      "ToPort": 65535
     }
    ],
    "Tags": [
     {
      "Key": "team",
      "Value": "OIT_AV_ENGINEERING"
     },
     {
      "Key": "data-sensitivity",
      "Value": "internal"
     },
     {
      "Key": "env",
      "Value": "dev"
     }
    ],
    "VpcId": "vpc-9917bbff"
   },
   "Type": "AWS::EC2::SecurityGroup"
  },
  "Service": {
   "DependsOn": [
    "Listener"
   ],
   "Properties": {
    "Cluster": {
     "Ref": "Cluster"
    },
    "DeploymentConfiguration": {
     "MaximumPercent": 200,
     "MinimumHealthyPercent": 50
    },
    "DesiredCount": 1,
    "HealthCheckGracePeriodSeconds": 180,
    "LaunchType": "FARGATE",
    "LoadBalancers": [
     {
      "ContainerName": "central-event-hub",
      "ContainerPort": 7100,
      "TargetGroupArn": {
       "Ref": "TargetGroup"
      }
     }
    ],
    "NetworkConfiguration": {
     "AwsvpcConfiguration": {
      "AssignPublicIp": "DISABLED",
      "SecurityGruops": [
       {
        "Ref": "SecurityGroup"
       }
      ],
      "Subnets": [
       "subnet-9e01fff8",
       "subnet-ae9282e7"
      ]
     }
    },
    "Role": "arn:aws:iam::194925301021:role/ecsTaskExecutionRole",
    "ServiceName": "central-event-hub_development",
    "TaskDefinition": {
     "Ref": "TaskDef"
    }
   },
   "Type": "AWS::ECS::Service"
  },
  "TargetGroup": {
   "Properties": {
    "HealthCheckIntervalSeconds": 10,
    "HealthCheckPath": "/status",
    "HealthCheckPort": 7100,
    "HealthCheckProtocol": "HTTP",
    "HealthCheckTimeoutSeconds": 3,
    "HealthyThresholdCount": 1,
    "Matcher": {
     "HttpCode": "200-399"
    },
    "Name": "central-event-hub_development",
    "Port": 7100,
    "Protocol": "HTTP",
    "Tags": [
     {
      "Key": "team",
      "Value": "OIT_AV_ENGINEERING"
     },
     {
      "Key": "data-sensitivity",
      "Value": "internal"
     },
     {
      "Key": "env",
      "Value": "dev"
     }
    ],
    "TargetType": "ip",
    "UnhealthyThresholdCount": 5,
    "VpcId": "vpc-9917bbff"
   },
   "Type": "AWS::ElasticLoadBalancingV2::TargetGroup"
  },
  "TaskDef": {
   "Type": "AWS::ECS::TaskDefinition",
   "Properties": {
    "Family": "central-event-hub_development",
    "Cpu": "central-event-hub",
    "Memory": "1024",
    "NetworkMode": "awsvpc",
    "TaskRoleArn": "arn:aws:iam::194925301021:role/ECSDeployWithBucketAccess",
    "ExecutionRoleArn": "arn:aws:iam::194925301021:role/ecsTaskExecutionRole",
    "RequiresCompatibilities": [
     "FARGATE",
     "EC2"
    ],
    "ContainerDefinitions": [
     {
      "Name": "central-event-hub",
      "Image": "byuoitav/central-event-hub:development",
      "PortMappings": [
       {
        "ContainerPort": "7100",
        "Protocol": "tcp"
       }
      ]
     }
    ]
   }
  }
 }
}
